<?xml version="1.0" encoding="UTF-8"?>
<!-- Generated by org.testng.reporters.JUnitReportReporter -->
<testsuite hostname="LAPTOP-FIJRO0QL" failures="0" tests="1" name="MMT_FINAL_PROJECT.MMT_FINAL_PROJECT.AppTest" time="0.009" errors="0" timestamp="2022-01-08T19:53:47 IST" skipped="0">
  <testcase classname="MMT_FINAL_PROJECT.MMT_FINAL_PROJECT.AppTest" name="testApp" time="0.009"/>
  <system-out/>
</testsuite> <!-- MMT_FINAL_PROJECT.MMT_FINAL_PROJECT.AppTest -->
